[debug] [2022-05-14T11:57:45.199Z] ----------------------------------------------------------------------
[debug] [2022-05-14T11:57:45.205Z] Command:       C:\downloads\Node Js\node.exe C:\Users\Kishan\AppData\Roaming\npm\node_modules\firebase-tools\lib\bin\firebase.js init
[debug] [2022-05-14T11:57:45.206Z] CLI Version:   10.6.0
[debug] [2022-05-14T11:57:45.207Z] Platform:      win32
[debug] [2022-05-14T11:57:45.207Z] Node Version:  v16.14.2
[debug] [2022-05-14T11:57:45.211Z] Time:          Sat May 14 2022 17:27:45 GMT+0530 (India Standard Time)
[debug] [2022-05-14T11:57:45.212Z] ----------------------------------------------------------------------
[debug] 
[debug] [2022-05-14T11:57:45.221Z] >>> [apiv2][query] GET https://firebase-public.firebaseio.com/cli.json [none]
[debug] [2022-05-14T11:57:45.286Z] > command requires scopes: ["email","openid","https://www.googleapis.com/auth/cloudplatformprojects.readonly","https://www.googleapis.com/auth/firebase","https://www.googleapis.com/auth/cloud-platform"]
[debug] [2022-05-14T11:57:45.287Z] > authorizing via signed-in user (kishanprasad09102001@gmail.com)
[info] 
     ######## #### ########  ######## ########     ###     ######  ########
     ##        ##  ##     ## ##       ##     ##  ##   ##  ##       ##
     ######    ##  ########  ######   ########  #########  ######  ######
     ##        ##  ##    ##  ##       ##     ## ##     ##       ## ##
     ##       #### ##     ## ######## ########  ##     ##  ######  ########

You're about to initialize a Firebase project in this directory:

  E:\Clones\Dplus\Disneyplus_clone\disney-clone

[debug] [2022-05-14T11:57:46.744Z] <<< [apiv2][status] GET https://firebase-public.firebaseio.com/cli.json 200
[debug] [2022-05-14T11:57:46.744Z] <<< [apiv2][body] GET https://firebase-public.firebaseio.com/cli.json {"cloudBuildErrorAfter":1594252800000,"cloudBuildWarnAfter":1590019200000,"defaultNode10After":1594252800000,"minVersion":"3.0.5","node8DeploysDisabledAfter":1613390400000,"node8RuntimeDisabledAfter":1615809600000,"node8WarnAfter":1600128000000}
